Added Component: Designator=C1(Cap_pol_13x25)
Added Component: Designator=C2(CAPC2113X13N_0805)
Added Component: Designator=C3(CAPC2113X13N_0805)
Added Component: Designator=C4(Cap_2(10x12.5))
Added Component: Designator=C5(CAPC2113X13N_0805)
Added Component: Designator=C6(Cap_4(5x10))
Added Component: Designator=C7(CAPC2113X13N_0805)
Added Component: Designator=C8(CAPC2113X13N_0805)
Added Component: Designator=C9(CAPC2113X13N_0805)
Added Component: Designator=C10(CAPC2113X13N_0805)
Added Component: Designator=C11(CAPC2113X13N_0805)
Added Component: Designator=C12(CAPC2113X13N_0805)
Added Component: Designator=C13(CAPC2113X13N_0805)
Added Component: Designator=C14(CAPC2113X13N_0805)
Added Component: Designator=C15(CAPC2113X13N_0805)
Added Component: Designator=C16(CAPC2113X13N_0805)
Added Component: Designator=C17(CAPC2113X13N_0805)
Added Component: Designator=D1(DIOD_SMA)
Added Component: Designator=D2(SMB_1)
Added Component: Designator=D3(DIOD_SMA)
Added Component: Designator=D4(BAT54S_1)
Added Component: Designator=D5(BAT54S_1)
Added Component: Designator=D6(BAT54S_1)
Added Component: Designator=D7(DIOD_MELF_SOD80)
Added Component: Designator=D8(DIOD_MELF_SOD80)
Added Component: Designator=F1(Fuse_termo)
Added Component: Designator=IC1(SOIC_SO-8)
Added Component: Designator=ISP(ISP_1)
Added Component: Designator=J1(conn6X1)
Added Component: Designator=J2(conn6X1)
Added Component: Designator=JP1(JP_2_2.5)
Added Component: Designator=JP2(JP_2_2.5)
Added Component: Designator=JP3(JP_2_2.5)
Added Component: Designator=L1(INDC3117X18Nx1206)
Added Component: Designator=L2(Dr_1)
Added Component: Designator=P1(PCB_rele_TRJ)
Added Component: Designator=P2(PCB_rele_TRJ)
Added Component: Designator=PW2(TMA_1W)
Added Component: Designator=R1(RES_1206)
Added Component: Designator=R2(RESC2113X0805N)
Added Component: Designator=R3(RESC2113X0805N)
Added Component: Designator=R4(RESC2113X0805N)
Added Component: Designator=R5(RESC2113X0805N)
Added Component: Designator=R6(RESC2113X0805N)
Added Component: Designator=R7(RESC2113X0805N)
Added Component: Designator=R8(RES_1206)
Added Component: Designator=R9(RESC2113X0805N)
Added Component: Designator=R10(RES_1206)
Added Component: Designator=R11(RESC2113X0805N)
Added Component: Designator=R12(RES_1206)
Added Component: Designator=R13(RESC2113X0805N)
Added Component: Designator=R14(RESC2113X0805N)
Added Component: Designator=R15(RESC2113X0805N)
Added Component: Designator=R16(RESC2113X0805N)
Added Component: Designator=R17(RESC2113X0805N)
Added Component: Designator=R18(RESC2113X0805N)
Added Component: Designator=UC1(32A_N)
Added Component: Designator=UC2(SOIC127P1030X265-16N_SOIC_W)
Added Component: Designator=UC3(SOIC127P600X175-8N_SOIC_SO8)
Added Component: Designator=VT1(SOT_23)
Added Component: Designator=VT2(SOT_23)
Added Component: Designator=ZQ1(ZQ_1)
Added Pin To Net: NetName=+5V_I Pin=C6-1
Added Pin To Net: NetName=+5V_I Pin=C7-1
Added Pin To Net: NetName=+5V_I Pin=C9-2
Added Pin To Net: NetName=+5V_I Pin=PW2-5
Added Pin To Net: NetName=+5V_I Pin=R4-1
Added Pin To Net: NetName=+5V_I Pin=R5-2
Added Pin To Net: NetName=+5V_I Pin=UC2-10
Added Pin To Net: NetName=+5V_I Pin=UC2-16
Added Pin To Net: NetName=+5V_I Pin=UC3-8
Added Net: Name=+5V_I
Added Pin To Net: NetName=+5V Pin=C4-1
Added Pin To Net: NetName=+5V Pin=C5-1
Added Pin To Net: NetName=+5V Pin=C8-1
Added Pin To Net: NetName=+5V Pin=C13-1
Added Pin To Net: NetName=+5V Pin=C14-1
Added Pin To Net: NetName=+5V Pin=D4-2
Added Pin To Net: NetName=+5V Pin=D5-2
Added Pin To Net: NetName=+5V Pin=D6-2
Added Pin To Net: NetName=+5V Pin=D7-2
Added Pin To Net: NetName=+5V Pin=D8-2
Added Pin To Net: NetName=+5V Pin=ISP-2
Added Pin To Net: NetName=+5V Pin=L2-2
Added Pin To Net: NetName=+5V Pin=P1-1
Added Pin To Net: NetName=+5V Pin=P2-1
Added Pin To Net: NetName=+5V Pin=PW2-1
Added Pin To Net: NetName=+5V Pin=R2-2
Added Pin To Net: NetName=+5V Pin=R9-1
Added Pin To Net: NetName=+5V Pin=R11-1
Added Pin To Net: NetName=+5V Pin=R13-1
Added Pin To Net: NetName=+5V Pin=R14-2
Added Pin To Net: NetName=+5V Pin=UC1-4
Added Pin To Net: NetName=+5V Pin=UC1-6
Added Pin To Net: NetName=+5V Pin=UC1-18
Added Pin To Net: NetName=+5V Pin=UC1-20
Added Pin To Net: NetName=+5V Pin=UC2-1
Added Pin To Net: NetName=+5V Pin=UC2-7
Added Net: Name=+5V
Added Pin To Net: NetName=A Pin=J1-1
Added Pin To Net: NetName=A Pin=JP1-1
Added Pin To Net: NetName=A Pin=R5-1
Added Pin To Net: NetName=A Pin=UC3-6
Added Net: Name=A
Added Pin To Net: NetName=B Pin=J1-2
Added Pin To Net: NetName=B Pin=R6-1
Added Pin To Net: NetName=B Pin=R7-1
Added Pin To Net: NetName=B Pin=UC3-7
Added Net: Name=B
Added Pin To Net: NetName=DI0 Pin=C10-1
Added Pin To Net: NetName=DI0 Pin=D4-3
Added Pin To Net: NetName=DI0 Pin=R8-2
Added Pin To Net: NetName=DI0 Pin=R9-2
Added Pin To Net: NetName=DI0 Pin=UC1-23
Added Net: Name=DI0
Added Pin To Net: NetName=DI1 Pin=C11-1
Added Pin To Net: NetName=DI1 Pin=D5-3
Added Pin To Net: NetName=DI1 Pin=R10-2
Added Pin To Net: NetName=DI1 Pin=R11-2
Added Pin To Net: NetName=DI1 Pin=UC1-24
Added Net: Name=DI1
Added Pin To Net: NetName=DI2 Pin=C12-1
Added Pin To Net: NetName=DI2 Pin=D6-3
Added Pin To Net: NetName=DI2 Pin=R12-2
Added Pin To Net: NetName=DI2 Pin=R13-2
Added Pin To Net: NetName=DI2 Pin=UC1-25
Added Net: Name=DI2
Added Pin To Net: NetName=DIN_0 Pin=J1-4
Added Pin To Net: NetName=DIN_0 Pin=R8-1
Added Net: Name=DIN_0
Added Pin To Net: NetName=DIN_1 Pin=J1-5
Added Pin To Net: NetName=DIN_1 Pin=R10-1
Added Net: Name=DIN_1
Added Pin To Net: NetName=DIN_2 Pin=J1-6
Added Pin To Net: NetName=DIN_2 Pin=R12-1
Added Net: Name=DIN_2
Added Pin To Net: NetName=DO0 Pin=R15-2
Added Pin To Net: NetName=DO0 Pin=UC1-13
Added Net: Name=DO0
Added Pin To Net: NetName=DO1 Pin=R17-2
Added Pin To Net: NetName=DO1 Pin=UC1-14
Added Net: Name=DO1
Added Pin To Net: NetName=GND_I Pin=C6-2
Added Pin To Net: NetName=GND_I Pin=C7-2
Added Pin To Net: NetName=GND_I Pin=C9-1
Added Pin To Net: NetName=GND_I Pin=PW2-3
Added Pin To Net: NetName=GND_I Pin=R6-2
Added Pin To Net: NetName=GND_I Pin=UC2-9
Added Pin To Net: NetName=GND_I Pin=UC2-15
Added Pin To Net: NetName=GND_I Pin=UC3-5
Added Net: Name=GND_I
Added Pin To Net: NetName=GND Pin=C1-2
Added Pin To Net: NetName=GND Pin=C2-2
Added Pin To Net: NetName=GND Pin=C3-2
Added Pin To Net: NetName=GND Pin=C4-2
Added Pin To Net: NetName=GND Pin=C5-2
Added Pin To Net: NetName=GND Pin=C8-2
Added Pin To Net: NetName=GND Pin=C10-2
Added Pin To Net: NetName=GND Pin=C11-2
Added Pin To Net: NetName=GND Pin=C12-2
Added Pin To Net: NetName=GND Pin=C13-2
Added Pin To Net: NetName=GND Pin=C14-2
Added Pin To Net: NetName=GND Pin=C15-2
Added Pin To Net: NetName=GND Pin=C16-2
Added Pin To Net: NetName=GND Pin=C17-2
Added Pin To Net: NetName=GND Pin=D2-2
Added Pin To Net: NetName=GND Pin=D3-1
Added Pin To Net: NetName=GND Pin=D4-1
Added Pin To Net: NetName=GND Pin=D5-1
Added Pin To Net: NetName=GND Pin=D6-1
Added Pin To Net: NetName=GND Pin=IC1-4
Added Pin To Net: NetName=GND Pin=ISP-6
Added Pin To Net: NetName=GND Pin=J1-3
Added Pin To Net: NetName=GND Pin=J2-2
Added Pin To Net: NetName=GND Pin=PW2-2
Added Pin To Net: NetName=GND Pin=R3-1
Added Pin To Net: NetName=GND Pin=R16-1
Added Pin To Net: NetName=GND Pin=R18-1
Added Pin To Net: NetName=GND Pin=UC1-3
Added Pin To Net: NetName=GND Pin=UC1-5
Added Pin To Net: NetName=GND Pin=UC1-21
Added Pin To Net: NetName=GND Pin=UC2-2
Added Pin To Net: NetName=GND Pin=UC2-8
Added Pin To Net: NetName=GND Pin=VT1-2
Added Pin To Net: NetName=GND Pin=VT2-2
Added Net: Name=GND
Added Pin To Net: NetName=MOSI Pin=ISP-4
Added Pin To Net: NetName=MOSI Pin=UC1-16
Added Net: Name=MOSI
Added Pin To Net: NetName=MOSO Pin=ISP-1
Added Pin To Net: NetName=MOSO Pin=UC1-15
Added Net: Name=MOSO
Added Pin To Net: NetName=NetC1_1 Pin=C1-1
Added Pin To Net: NetName=NetC1_1 Pin=C2-1
Added Pin To Net: NetName=NetC1_1 Pin=D2-1
Added Pin To Net: NetName=NetC1_1 Pin=IC1-6
Added Pin To Net: NetName=NetC1_1 Pin=L1-2
Added Pin To Net: NetName=NetC1_1 Pin=R1-2
Added Net: Name=NetC1_1
Added Pin To Net: NetName=NetC3_1 Pin=C3-1
Added Pin To Net: NetName=NetC3_1 Pin=IC1-3
Added Net: Name=NetC3_1
Added Pin To Net: NetName=NetC15_1 Pin=C15-1
Added Pin To Net: NetName=NetC15_1 Pin=ISP-5
Added Pin To Net: NetName=NetC15_1 Pin=R14-1
Added Pin To Net: NetName=NetC15_1 Pin=UC1-29
Added Net: Name=NetC15_1
Added Pin To Net: NetName=NetC16_1 Pin=C16-1
Added Pin To Net: NetName=NetC16_1 Pin=UC1-8
Added Pin To Net: NetName=NetC16_1 Pin=ZQ1-1
Added Net: Name=NetC16_1
Added Pin To Net: NetName=NetC17_1 Pin=C17-1
Added Pin To Net: NetName=NetC17_1 Pin=UC1-7
Added Pin To Net: NetName=NetC17_1 Pin=ZQ1-2
Added Net: Name=NetC17_1
Added Pin To Net: NetName=NetD1_1 Pin=D1-1
Added Pin To Net: NetName=NetD1_1 Pin=F1-1
Added Net: Name=NetD1_1
Added Pin To Net: NetName=NetD1_2 Pin=D1-2
Added Pin To Net: NetName=NetD1_2 Pin=L1-1
Added Net: Name=NetD1_2
Added Pin To Net: NetName=NetD3_2 Pin=D3-2
Added Pin To Net: NetName=NetD3_2 Pin=IC1-2
Added Pin To Net: NetName=NetD3_2 Pin=L2-1
Added Net: Name=NetD3_2
Added Pin To Net: NetName=NetD7_1 Pin=D7-1
Added Pin To Net: NetName=NetD7_1 Pin=P1-5
Added Pin To Net: NetName=NetD7_1 Pin=VT1-3
Added Net: Name=NetD7_1
Added Pin To Net: NetName=NetD8_1 Pin=D8-1
Added Pin To Net: NetName=NetD8_1 Pin=P2-5
Added Pin To Net: NetName=NetD8_1 Pin=VT2-3
Added Net: Name=NetD8_1
Added Pin To Net: NetName=NetIC1_1 Pin=IC1-1
Added Pin To Net: NetName=NetIC1_1 Pin=IC1-7
Added Pin To Net: NetName=NetIC1_1 Pin=IC1-8
Added Pin To Net: NetName=NetIC1_1 Pin=R1-1
Added Net: Name=NetIC1_1
Added Pin To Net: NetName=NetIC1_5 Pin=IC1-5
Added Pin To Net: NetName=NetIC1_5 Pin=R2-1
Added Pin To Net: NetName=NetIC1_5 Pin=R3-2
Added Net: Name=NetIC1_5
Added Pin To Net: NetName=NetISP_3 Pin=ISP-3
Added Pin To Net: NetName=NetISP_3 Pin=UC1-17
Added Net: Name=NetISP_3
Added Pin To Net: NetName=NetJ2_3 Pin=J2-3
Added Pin To Net: NetName=NetJ2_3 Pin=P2-3
Added Net: Name=NetJ2_3
Added Pin To Net: NetName=NetJ2_4 Pin=J2-4
Added Pin To Net: NetName=NetJ2_4 Pin=P2-2
Added Net: Name=NetJ2_4
Added Pin To Net: NetName=NetJ2_5 Pin=J2-5
Added Pin To Net: NetName=NetJ2_5 Pin=P1-3
Added Net: Name=NetJ2_5
Added Pin To Net: NetName=NetJ2_6 Pin=J2-6
Added Pin To Net: NetName=NetJ2_6 Pin=P1-2
Added Net: Name=NetJ2_6
Added Pin To Net: NetName=NetJP1_2 Pin=JP1-2
Added Pin To Net: NetName=NetJP1_2 Pin=R7-2
Added Net: Name=NetJP1_2
Added Pin To Net: NetName=NetJP2_1 Pin=JP2-1
Added Pin To Net: NetName=NetJP2_1 Pin=UC1-9
Added Net: Name=NetJP2_1
Added Pin To Net: NetName=NetJP2_2 Pin=JP2-2
Added Pin To Net: NetName=NetJP2_2 Pin=UC1-10
Added Net: Name=NetJP2_2
Added Pin To Net: NetName=NetJP3_1 Pin=JP3-1
Added Pin To Net: NetName=NetJP3_1 Pin=UC1-11
Added Net: Name=NetJP3_1
Added Pin To Net: NetName=NetJP3_2 Pin=JP3-2
Added Pin To Net: NetName=NetJP3_2 Pin=UC1-12
Added Net: Name=NetJP3_2
Added Pin To Net: NetName=NetR4_2 Pin=R4-2
Added Pin To Net: NetName=NetR4_2 Pin=UC2-12
Added Pin To Net: NetName=NetR4_2 Pin=UC3-1
Added Net: Name=NetR4_2
Added Pin To Net: NetName=NetR15_1 Pin=R15-1
Added Pin To Net: NetName=NetR15_1 Pin=R16-2
Added Pin To Net: NetName=NetR15_1 Pin=VT1-1
Added Net: Name=NetR15_1
Added Pin To Net: NetName=NetR17_1 Pin=R17-1
Added Pin To Net: NetName=NetR17_1 Pin=R18-2
Added Pin To Net: NetName=NetR17_1 Pin=VT2-1
Added Net: Name=NetR17_1
Added Pin To Net: NetName=NetUC2_13 Pin=UC2-13
Added Pin To Net: NetName=NetUC2_13 Pin=UC3-2
Added Pin To Net: NetName=NetUC2_13 Pin=UC3-3
Added Net: Name=NetUC2_13
Added Pin To Net: NetName=NetUC2_14 Pin=UC2-14
Added Pin To Net: NetName=NetUC2_14 Pin=UC3-4
Added Net: Name=NetUC2_14
Added Pin To Net: NetName=RX Pin=UC1-30
Added Pin To Net: NetName=RX Pin=UC2-5
Added Net: Name=RX
Added Pin To Net: NetName=TXE Pin=UC1-32
Added Pin To Net: NetName=TXE Pin=UC2-4
Added Net: Name=TXE
Added Pin To Net: NetName=TX Pin=UC1-31
Added Pin To Net: NetName=TX Pin=UC2-3
Added Net: Name=TX
Added Pin To Net: NetName=UPP Pin=F1-2
Added Pin To Net: NetName=UPP Pin=J2-1
Added Net: Name=UPP
Added Class: Name=sem4200
Added Room: Name=sem4200
